<?xml version="1.0" encoding="UTF-8"?>
<testng-results skipped="0" failed="0" total="1" passed="1">
  <reporter-output>
  </reporter-output>
  <suite name="Default suite" duration-ms="110450" started-at="2016-06-16T11:38:42Z" finished-at="2016-06-16T11:40:32Z">
    <groups>
    </groups>
    <test name="Default test" duration-ms="110450" started-at="2016-06-16T11:38:42Z" finished-at="2016-06-16T11:40:32Z">
      <class name="EXEL_POI.app">
        <test-method status="PASS" signature="setUp()[pri:0, instance:EXEL_POI.app@340f438e]" name="setUp" is-config="true" duration-ms="7761" started-at="2016-06-16T17:08:42Z" finished-at="2016-06-16T17:08:49Z">
          <reporter-output>
          </reporter-output>
        </test-method> <!-- setUp -->
        <test-method status="PASS" signature="app()[pri:0, instance:EXEL_POI.app@340f438e]" name="app" duration-ms="102404" started-at="2016-06-16T17:08:49Z" finished-at="2016-06-16T17:10:32Z">
          <reporter-output>
          </reporter-output>
        </test-method> <!-- app -->
        <test-method status="PASS" signature="tearDown()[pri:0, instance:EXEL_POI.app@340f438e]" name="tearDown" is-config="true" duration-ms="274" started-at="2016-06-16T17:10:32Z" finished-at="2016-06-16T17:10:32Z">
          <reporter-output>
          </reporter-output>
        </test-method> <!-- tearDown -->
      </class> <!-- EXEL_POI.app -->
    </test> <!-- Default test -->
  </suite> <!-- Default suite -->
</testng-results>
